[0m[[0m[0mdebug[0m] [0m[0m> Exec(testOnly practice.Mux2Tests, Some(14644d19-22e0-4078-bf95-ed265e6e6ed0), Some(CommandSource(console0)))[0m
[0m[[0m[0mdebug[0m] [0m[0mEvaluating tasks: Test / testOnly[0m
[0m[[0m[0mdebug[0m] [0m[0mRunning task... Cancel: Signal, check cycles: false, forcegc: true[0m
[0m[[0m[0mdebug[0m] [0m[0mjsonRpcNotify: JsonRpcNotificationMessage(2.0, build/taskStart, {"taskId":{"id":"112","parents":[]},"eventTime":1633170525164,"message":"Compiling root","dataKind":"compile-task","data":{"target":{"uri":"file:/home/fizza/BlackBocx-/#root/Compile"}}})[0m
[0m[[0m[0mdebug[0m] [0m[0mjsonRpcNotify: JsonRpcNotificationMessage(2.0, build/publishDiagnostics, {"textDocument":{"uri":"file:///home/fizza/BlackBocx-/src/main/scala/practice/And.scala"},"buildTarget":{"uri":"file:/home/fizza/BlackBocx-/#root/Compile"},"diagnostics":[],"reset":true})[0m
[0m[[0m[0mdebug[0m] [0m[0mjsonRpcNotify: JsonRpcNotificationMessage(2.0, build/publishDiagnostics, {"textDocument":{"uri":"file:///home/fizza/BlackBocx-/src/main/scala/gcd/GCD.scala"},"buildTarget":{"uri":"file:/home/fizza/BlackBocx-/#root/Compile"},"diagnostics":[],"reset":true})[0m
[0m[[0m[0mdebug[0m] [0m[0mjsonRpcNotify: JsonRpcNotificationMessage(2.0, build/publishDiagnostics, {"textDocument":{"uri":"file:///home/fizza/BlackBocx-/src/main/scala/practice/Alu.scala"},"buildTarget":{"uri":"file:/home/fizza/BlackBocx-/#root/Compile"},"diagnostics":[{"range":{"start":{"line":26,"character":6},"end":{"line":26,"character":7}},"severity":2,"source":"sbt","message":"Generated class practice.Alu differs only in case from practice.alu.\n  Such classes will overwrite one another on case-insensitive filesystems."}],"reset":true})[0m
[0m[[0m[0mdebug[0m] [0m[0mjsonRpcNotify: JsonRpcNotificationMessage(2.0, build/publishDiagnostics, {"textDocument":{"uri":"file:///home/fizza/BlackBocx-/src/main/scala/practice/Counter.scala"},"buildTarget":{"uri":"file:/home/fizza/BlackBocx-/#root/Compile"},"diagnostics":[{"range":{"start":{"line":22,"character":6},"end":{"line":22,"character":7}},"severity":2,"source":"sbt","message":"Generated class practice.Counter differs only in case from practice.counter.\n  Such classes will overwrite one another on case-insensitive filesystems."}],"reset":true})[0m
[0m[[0m[0mdebug[0m] [0m[0mjsonRpcNotify: JsonRpcNotificationMessage(2.0, build/publishDiagnostics, {"textDocument":{"uri":"file:///home/fizza/BlackBocx-/src/main/scala/practice/Or.scala"},"buildTarget":{"uri":"file:/home/fizza/BlackBocx-/#root/Compile"},"diagnostics":[],"reset":true})[0m
[0m[[0m[0mdebug[0m] [0m[0mjsonRpcNotify: JsonRpcNotificationMessage(2.0, build/publishDiagnostics, {"textDocument":{"uri":"file:///home/fizza/BlackBocx-/src/main/scala/gcd/DecoupledGCD.scala"},"buildTarget":{"uri":"file:/home/fizza/BlackBocx-/#root/Compile"},"diagnostics":[],"reset":true})[0m
[0m[[0m[0mdebug[0m] [0m[0mjsonRpcNotify: JsonRpcNotificationMessage(2.0, build/publishDiagnostics, {"textDocument":{"uri":"file:///home/fizza/BlackBocx-/src/main/scala/practice/Adder.scala"},"buildTarget":{"uri":"file:/home/fizza/BlackBocx-/#root/Compile"},"diagnostics":[{"range":{"start":{"line":19,"character":6},"end":{"line":19,"character":7}},"severity":2,"source":"sbt","message":"Generated class practice.Adder differs only in case from practice.adder.\n  Such classes will overwrite one another on case-insensitive filesystems."}],"reset":true})[0m
[0m[[0m[0mdebug[0m] [0m[0mjsonRpcNotify: JsonRpcNotificationMessage(2.0, build/publishDiagnostics, {"textDocument":{"uri":"file:///home/fizza/BlackBocx-/src/main/scala/practice/Mux2.scala"},"buildTarget":{"uri":"file:/home/fizza/BlackBocx-/#root/Compile"},"diagnostics":[{"range":{"start":{"line":25,"character":6},"end":{"line":25,"character":7}},"severity":2,"source":"sbt","message":"Generated class practice.Mux2 differs only in case from practice.mux2.\n  Such classes will overwrite one another on case-insensitive filesystems."}],"reset":true})[0m
[0m[[0m[0mdebug[0m] [0m[0mjsonRpcNotify: JsonRpcNotificationMessage(2.0, build/taskFinish, {"taskId":{"id":"112","parents":[]},"eventTime":1633170525174,"message":"Compiled root","status":1,"dataKind":"compile-report","data":{"target":{"uri":"file:/home/fizza/BlackBocx-/#root/Compile"},"errors":0,"warnings":4,"time":10}})[0m
[0m[[0m[0mdebug[0m] [0m[0mjsonRpcNotify: JsonRpcNotificationMessage(2.0, build/taskStart, {"taskId":{"id":"113","parents":[]},"eventTime":1633170525182,"message":"Compiling root-test","dataKind":"compile-task","data":{"target":{"uri":"file:/home/fizza/BlackBocx-/#root/Test"}}})[0m
[0m[[0m[0mdebug[0m] [0m[0mjsonRpcNotify: JsonRpcNotificationMessage(2.0, build/publishDiagnostics, {"textDocument":{"uri":"file:///home/fizza/BlackBocx-/src/test/scala/practice/AdderTests.scala"},"buildTarget":{"uri":"file:/home/fizza/BlackBocx-/#root/Test"},"diagnostics":[],"reset":true})[0m
[0m[[0m[0mdebug[0m] [0m[0mjsonRpcNotify: JsonRpcNotificationMessage(2.0, build/publishDiagnostics, {"textDocument":{"uri":"file:///home/fizza/BlackBocx-/src/test/scala/practice/OrTests.scala"},"buildTarget":{"uri":"file:/home/fizza/BlackBocx-/#root/Test"},"diagnostics":[],"reset":true})[0m
[0m[[0m[0mdebug[0m] [0m[0mjsonRpcNotify: JsonRpcNotificationMessage(2.0, build/publishDiagnostics, {"textDocument":{"uri":"file:///home/fizza/BlackBocx-/src/test/scala/practice/AluTests.scala"},"buildTarget":{"uri":"file:/home/fizza/BlackBocx-/#root/Test"},"diagnostics":[],"reset":true})[0m
[0m[[0m[0mdebug[0m] [0m[0mjsonRpcNotify: JsonRpcNotificationMessage(2.0, build/publishDiagnostics, {"textDocument":{"uri":"file:///home/fizza/BlackBocx-/src/test/scala/practice/CounterTests.scala"},"buildTarget":{"uri":"file:/home/fizza/BlackBocx-/#root/Test"},"diagnostics":[],"reset":true})[0m
[0m[[0m[0mdebug[0m] [0m[0mjsonRpcNotify: JsonRpcNotificationMessage(2.0, build/publishDiagnostics, {"textDocument":{"uri":"file:///home/fizza/BlackBocx-/src/test/scala/practice/AndTests.scala"},"buildTarget":{"uri":"file:/home/fizza/BlackBocx-/#root/Test"},"diagnostics":[],"reset":true})[0m
[0m[[0m[0mdebug[0m] [0m[0mjsonRpcNotify: JsonRpcNotificationMessage(2.0, build/publishDiagnostics, {"textDocument":{"uri":"file:///home/fizza/BlackBocx-/src/test/scala/practice/Mux2Tests.scala"},"buildTarget":{"uri":"file:/home/fizza/BlackBocx-/#root/Test"},"diagnostics":[],"reset":true})[0m
[0m[[0m[0mdebug[0m] [0m[0mjsonRpcNotify: JsonRpcNotificationMessage(2.0, build/publishDiagnostics, {"textDocument":{"uri":"file:///home/fizza/BlackBocx-/src/test/scala/gcd/GCDSpec.scala"},"buildTarget":{"uri":"file:/home/fizza/BlackBocx-/#root/Test"},"diagnostics":[],"reset":true})[0m
[0m[[0m[0mdebug[0m] [0m[0mjsonRpcNotify: JsonRpcNotificationMessage(2.0, build/taskFinish, {"taskId":{"id":"113","parents":[]},"eventTime":1633170525194,"message":"Compiled root-test","status":1,"dataKind":"compile-report","data":{"target":{"uri":"file:/home/fizza/BlackBocx-/#root/Test"},"errors":0,"warnings":0,"time":12}})[0m
[0m[[0m[0minfo[0m] [0m[0m[32mMux2Tests:[0m[0m
[0m[[0m[0minfo[0m] [0m[0m[31m- Multiplexer 2-BIT *** FAILED ***[0m[0m
[0m[[0m[0minfo[0m] [0m[0m[31m  java.lang.AssertionError: assertion failed: verilator command failed on circuit Mux2 in work dir test_run_dir/Multiplexer_2BIT[0m[0m
[0m[[0m[0minfo[0m] [0m[0m[31m  at scala.Predef$.assert(Predef.scala:223)[0m[0m
[0m[[0m[0minfo[0m] [0m[0m[31m  at chisel3.assert$.apply(Assert.scala:70)[0m[0m
[0m[[0m[0minfo[0m] [0m[0m[31m  at chiseltest.legacy.backends.verilator.VerilatorExecutive$.start(VerilatorExecutive.scala:111)[0m[0m
[0m[[0m[0minfo[0m] [0m[0m[31m  at chiseltest.defaults.package$.createDefaultTester(defaults.scala:24)[0m[0m
[0m[[0m[0minfo[0m] [0m[0m[31m  at chiseltest.ChiselScalatestTester$TestBuilder.apply(ChiselScalatestTester.scala:33)[0m[0m
[0m[[0m[0minfo[0m] [0m[0m[31m  at practice.Mux2Tests.$anonfun$new$1(Mux2Tests.scala:18)[0m[0m
[0m[[0m[0minfo[0m] [0m[0m[31m  at scala.runtime.java8.JFunction0$mcV$sp.apply(JFunction0$mcV$sp.java:23)[0m[0m
[0m[[0m[0minfo[0m] [0m[0m[31m  at org.scalatest.OutcomeOf.outcomeOf(OutcomeOf.scala:85)[0m[0m
[0m[[0m[0minfo[0m] [0m[0m[31m  at org.scalatest.OutcomeOf.outcomeOf$(OutcomeOf.scala:83)[0m[0m
[0m[[0m[0minfo[0m] [0m[0m[31m  at org.scalatest.OutcomeOf$.outcomeOf(OutcomeOf.scala:104)[0m[0m
[0m[[0m[0minfo[0m] [0m[0m[31m  ...[0m[0m
[0m[[0m[0mdebug[0m] [0m[0mjsonRpcNotify: JsonRpcNotificationMessage(2.0, build/logMessage, {"type":3,"message":"\u001b[32mMux2Tests:\u001b[0m"})[0m
[0m[[0m[0mdebug[0m] [0m[0mjsonRpcNotify: JsonRpcNotificationMessage(2.0, build/logMessage, {"type":3,"message":"\u001b[31m- Multiplexer 2-BIT *** FAILED ***\u001b[0m"})[0m
[0m[[0m[0mdebug[0m] [0m[0mjsonRpcNotify: JsonRpcNotificationMessage(2.0, build/logMessage, {"type":3,"message":"\u001b[31m  java.lang.AssertionError: assertion failed: verilator command failed on circuit Mux2 in work dir test_run_dir/Multiplexer_2BIT\u001b[0m"})[0m
[0m[[0m[0mdebug[0m] [0m[0mjsonRpcNotify: JsonRpcNotificationMessage(2.0, build/logMessage, {"type":3,"message":"\u001b[31m  at scala.Predef$.assert(Predef.scala:223)\u001b[0m"})[0m
[0m[[0m[0mdebug[0m] [0m[0mjsonRpcNotify: JsonRpcNotificationMessage(2.0, build/logMessage, {"type":3,"message":"\u001b[31m  at chisel3.assert$.apply(Assert.scala:70)\u001b[0m"})[0m
[0m[[0m[0mdebug[0m] [0m[0mjsonRpcNotify: JsonRpcNotificationMessage(2.0, build/logMessage, {"type":3,"message":"\u001b[31m  at chiseltest.legacy.backends.verilator.VerilatorExecutive$.start(VerilatorExecutive.scala:111)\u001b[0m"})[0m
[0m[[0m[0mdebug[0m] [0m[0mjsonRpcNotify: JsonRpcNotificationMessage(2.0, build/logMessage, {"type":3,"message":"\u001b[31m  at chiseltest.defaults.package$.createDefaultTester(defaults.scala:24)\u001b[0m"})[0m
[0m[[0m[0mdebug[0m] [0m[0mjsonRpcNotify: JsonRpcNotificationMessage(2.0, build/logMessage, {"type":3,"message":"\u001b[31m  at chiseltest.ChiselScalatestTester$TestBuilder.apply(ChiselScalatestTester.scala:33)\u001b[0m"})[0m
[0m[[0m[0mdebug[0m] [0m[0mjsonRpcNotify: JsonRpcNotificationMessage(2.0, build/logMessage, {"type":3,"message":"\u001b[31m  at practice.Mux2Tests.$anonfun$new$1(Mux2Tests.scala:18)\u001b[0m"})[0m
[0m[[0m[0mdebug[0m] [0m[0mjsonRpcNotify: JsonRpcNotificationMessage(2.0, build/logMessage, {"type":3,"message":"\u001b[31m  at scala.runtime.java8.JFunction0$mcV$sp.apply(JFunction0$mcV$sp.java:23)\u001b[0m"})[0m
[0m[[0m[0mdebug[0m] [0m[0mjsonRpcNotify: JsonRpcNotificationMessage(2.0, build/logMessage, {"type":3,"message":"\u001b[31m  at org.scalatest.OutcomeOf.outcomeOf(OutcomeOf.scala:85)\u001b[0m"})[0m
[0m[[0m[0mdebug[0m] [0m[0mjsonRpcNotify: JsonRpcNotificationMessage(2.0, build/logMessage, {"type":3,"message":"\u001b[31m  at org.scalatest.OutcomeOf.outcomeOf$(OutcomeOf.scala:83)\u001b[0m"})[0m
[0m[[0m[0mdebug[0m] [0m[0mjsonRpcNotify: JsonRpcNotificationMessage(2.0, build/logMessage, {"type":3,"message":"\u001b[31m  at org.scalatest.OutcomeOf$.outcomeOf(OutcomeOf.scala:104)\u001b[0m"})[0m
[0m[[0m[0mdebug[0m] [0m[0mjsonRpcNotify: JsonRpcNotificationMessage(2.0, build/logMessage, {"type":3,"message":"\u001b[31m  ...\u001b[0m"})[0m
[0m[[0m[0minfo[0m] [0m[0m[36mRun completed in 2 seconds, 381 milliseconds.[0m[0m
[0m[[0m[0minfo[0m] [0m[0m[36mTotal number of tests run: 1[0m[0m
[0m[[0m[0minfo[0m] [0m[0m[36mSuites: completed 1, aborted 0[0m[0m
[0m[[0m[0minfo[0m] [0m[0m[36mTests: succeeded 0, failed 1, canceled 0, ignored 0, pending 0[0m[0m
[0m[[0m[0minfo[0m] [0m[0m[31m*** 1 TEST FAILED ***[0m[0m
[0m[[0m[0mdebug[0m] [0m[0mjsonRpcNotify: JsonRpcNotificationMessage(2.0, build/logMessage, {"type":3,"message":"\u001b[36mRun completed in 2 seconds, 381 milliseconds.\u001b[0m\n\u001b[36mTotal number of tests run: 1\u001b[0m\n\u001b[36mSuites: completed 1, aborted 0\u001b[0m\n\u001b[36mTests: succeeded 0, failed 1, canceled 0, ignored 0, pending 0\u001b[0m\n\u001b[31m*** 1 TEST FAILED ***\u001b[0m"})[0m
[0m[[0m[31merror[0m] [0m[0mFailed tests:[0m
[0m[[0m[0mdebug[0m] [0m[0mjsonRpcNotify: JsonRpcNotificationMessage(2.0, build/logMessage, {"type":1,"message":"Failed tests:"})[0m
[0m[[0m[31merror[0m] [0m[0m	practice.Mux2Tests[0m
[0m[[0m[0mdebug[0m] [0m[0mjsonRpcNotify: JsonRpcNotificationMessage(2.0, build/logMessage, {"type":1,"message":"\tpractice.Mux2Tests"})[0m
[0m[[0m[31merror[0m] [0m[0m(Test / [31mtestOnly[0m) sbt.TestsFailedException: Tests unsuccessful[0m
[0m[[0m[0mdebug[0m] [0m[0mjsonRpcNotify: JsonRpcNotificationMessage(2.0, build/logMessage, {"type":1,"message":"(Test / \u001b[31mtestOnly\u001b[0m) sbt.TestsFailedException: Tests unsuccessful"})[0m
[0m[[0m[31merror[0m] [0m[0mTotal time: 3 s, completed Oct 2, 2021 3:28:47 PM[0m
[0m[[0m[0mdebug[0m] [0m[0m> Exec(shell, None, None)[0m
[0m[[0m[0mdebug[0m] [0m[0mUnhandled notification received: $/setTraceNotification: JsonRpcNotificationMessage(2.0, $/setTraceNotification, {"value":"off"})[0m
