[0m[[0m[0mdebug[0m] [0m[0m> Exec(testOnly practice.Mux2Tests, Some(46f4e1be-c3ff-471f-a8db-4d16665cab86), Some(CommandSource(console0)))[0m
[0m[[0m[0mdebug[0m] [0m[0mEvaluating tasks: Test / testOnly[0m
[0m[[0m[0mdebug[0m] [0m[0mRunning task... Cancel: Signal, check cycles: false, forcegc: true[0m
[0m[[0m[0mdebug[0m] [0m[0mjsonRpcNotify: JsonRpcNotificationMessage(2.0, build/taskStart, {"taskId":{"id":"114","parents":[]},"eventTime":1633170965727,"message":"Compiling root","dataKind":"compile-task","data":{"target":{"uri":"file:/home/fizza/BlackBocx-/#root/Compile"}}})[0m
[0m[[0m[0mdebug[0m] [0m[0mjsonRpcNotify: JsonRpcNotificationMessage(2.0, build/publishDiagnostics, {"textDocument":{"uri":"file:///home/fizza/BlackBocx-/src/main/scala/practice/And.scala"},"buildTarget":{"uri":"file:/home/fizza/BlackBocx-/#root/Compile"},"diagnostics":[],"reset":true})[0m
[0m[[0m[0mdebug[0m] [0m[0mjsonRpcNotify: JsonRpcNotificationMessage(2.0, build/publishDiagnostics, {"textDocument":{"uri":"file:///home/fizza/BlackBocx-/src/main/scala/gcd/GCD.scala"},"buildTarget":{"uri":"file:/home/fizza/BlackBocx-/#root/Compile"},"diagnostics":[],"reset":true})[0m
[0m[[0m[0mdebug[0m] [0m[0mjsonRpcNotify: JsonRpcNotificationMessage(2.0, build/publishDiagnostics, {"textDocument":{"uri":"file:///home/fizza/BlackBocx-/src/main/scala/practice/Alu.scala"},"buildTarget":{"uri":"file:/home/fizza/BlackBocx-/#root/Compile"},"diagnostics":[{"range":{"start":{"line":26,"character":6},"end":{"line":26,"character":7}},"severity":2,"source":"sbt","message":"Generated class practice.Alu differs only in case from practice.alu.\n  Such classes will overwrite one another on case-insensitive filesystems."}],"reset":true})[0m
[0m[[0m[0mdebug[0m] [0m[0mjsonRpcNotify: JsonRpcNotificationMessage(2.0, build/publishDiagnostics, {"textDocument":{"uri":"file:///home/fizza/BlackBocx-/src/main/scala/practice/Counter.scala"},"buildTarget":{"uri":"file:/home/fizza/BlackBocx-/#root/Compile"},"diagnostics":[{"range":{"start":{"line":22,"character":6},"end":{"line":22,"character":7}},"severity":2,"source":"sbt","message":"Generated class practice.Counter differs only in case from practice.counter.\n  Such classes will overwrite one another on case-insensitive filesystems."}],"reset":true})[0m
[0m[[0m[0mdebug[0m] [0m[0mjsonRpcNotify: JsonRpcNotificationMessage(2.0, build/publishDiagnostics, {"textDocument":{"uri":"file:///home/fizza/BlackBocx-/src/main/scala/practice/Or.scala"},"buildTarget":{"uri":"file:/home/fizza/BlackBocx-/#root/Compile"},"diagnostics":[],"reset":true})[0m
[0m[[0m[0mdebug[0m] [0m[0mjsonRpcNotify: JsonRpcNotificationMessage(2.0, build/publishDiagnostics, {"textDocument":{"uri":"file:///home/fizza/BlackBocx-/src/main/scala/gcd/DecoupledGCD.scala"},"buildTarget":{"uri":"file:/home/fizza/BlackBocx-/#root/Compile"},"diagnostics":[],"reset":true})[0m
[0m[[0m[0mdebug[0m] [0m[0mjsonRpcNotify: JsonRpcNotificationMessage(2.0, build/publishDiagnostics, {"textDocument":{"uri":"file:///home/fizza/BlackBocx-/src/main/scala/practice/Adder.scala"},"buildTarget":{"uri":"file:/home/fizza/BlackBocx-/#root/Compile"},"diagnostics":[{"range":{"start":{"line":19,"character":6},"end":{"line":19,"character":7}},"severity":2,"source":"sbt","message":"Generated class practice.Adder differs only in case from practice.adder.\n  Such classes will overwrite one another on case-insensitive filesystems."}],"reset":true})[0m
[0m[[0m[0mdebug[0m] [0m[0mjsonRpcNotify: JsonRpcNotificationMessage(2.0, build/publishDiagnostics, {"textDocument":{"uri":"file:///home/fizza/BlackBocx-/src/main/scala/practice/Mux2.scala"},"buildTarget":{"uri":"file:/home/fizza/BlackBocx-/#root/Compile"},"diagnostics":[{"range":{"start":{"line":25,"character":6},"end":{"line":25,"character":7}},"severity":2,"source":"sbt","message":"Generated class practice.Mux2 differs only in case from practice.mux2.\n  Such classes will overwrite one another on case-insensitive filesystems."}],"reset":true})[0m
[0m[[0m[0mdebug[0m] [0m[0mjsonRpcNotify: JsonRpcNotificationMessage(2.0, build/taskFinish, {"taskId":{"id":"114","parents":[]},"eventTime":1633170965748,"message":"Compiled root","status":1,"dataKind":"compile-report","data":{"target":{"uri":"file:/home/fizza/BlackBocx-/#root/Compile"},"errors":0,"warnings":4,"time":21}})[0m
[0m[[0m[0mdebug[0m] [0m[0mjsonRpcNotify: JsonRpcNotificationMessage(2.0, build/taskStart, {"taskId":{"id":"115","parents":[]},"eventTime":1633170965757,"message":"Compiling root-test","dataKind":"compile-task","data":{"target":{"uri":"file:/home/fizza/BlackBocx-/#root/Test"}}})[0m
[0m[[0m[0mdebug[0m] [0m[0mjsonRpcNotify: JsonRpcNotificationMessage(2.0, build/publishDiagnostics, {"textDocument":{"uri":"file:///home/fizza/BlackBocx-/src/test/scala/practice/AdderTests.scala"},"buildTarget":{"uri":"file:/home/fizza/BlackBocx-/#root/Test"},"diagnostics":[],"reset":true})[0m
[0m[[0m[0mdebug[0m] [0m[0mjsonRpcNotify: JsonRpcNotificationMessage(2.0, build/publishDiagnostics, {"textDocument":{"uri":"file:///home/fizza/BlackBocx-/src/test/scala/practice/OrTests.scala"},"buildTarget":{"uri":"file:/home/fizza/BlackBocx-/#root/Test"},"diagnostics":[],"reset":true})[0m
[0m[[0m[0mdebug[0m] [0m[0mjsonRpcNotify: JsonRpcNotificationMessage(2.0, build/publishDiagnostics, {"textDocument":{"uri":"file:///home/fizza/BlackBocx-/src/test/scala/practice/AluTests.scala"},"buildTarget":{"uri":"file:/home/fizza/BlackBocx-/#root/Test"},"diagnostics":[],"reset":true})[0m
[0m[[0m[0mdebug[0m] [0m[0mjsonRpcNotify: JsonRpcNotificationMessage(2.0, build/publishDiagnostics, {"textDocument":{"uri":"file:///home/fizza/BlackBocx-/src/test/scala/practice/CounterTests.scala"},"buildTarget":{"uri":"file:/home/fizza/BlackBocx-/#root/Test"},"diagnostics":[],"reset":true})[0m
[0m[[0m[0mdebug[0m] [0m[0mjsonRpcNotify: JsonRpcNotificationMessage(2.0, build/publishDiagnostics, {"textDocument":{"uri":"file:///home/fizza/BlackBocx-/src/test/scala/practice/AndTests.scala"},"buildTarget":{"uri":"file:/home/fizza/BlackBocx-/#root/Test"},"diagnostics":[],"reset":true})[0m
[0m[[0m[0mdebug[0m] [0m[0mjsonRpcNotify: JsonRpcNotificationMessage(2.0, build/publishDiagnostics, {"textDocument":{"uri":"file:///home/fizza/BlackBocx-/src/test/scala/practice/Mux2Tests.scala"},"buildTarget":{"uri":"file:/home/fizza/BlackBocx-/#root/Test"},"diagnostics":[],"reset":true})[0m
[0m[[0m[0mdebug[0m] [0m[0mjsonRpcNotify: JsonRpcNotificationMessage(2.0, build/publishDiagnostics, {"textDocument":{"uri":"file:///home/fizza/BlackBocx-/src/test/scala/gcd/GCDSpec.scala"},"buildTarget":{"uri":"file:/home/fizza/BlackBocx-/#root/Test"},"diagnostics":[],"reset":true})[0m
[0m[[0m[0mdebug[0m] [0m[0mjsonRpcNotify: JsonRpcNotificationMessage(2.0, build/taskFinish, {"taskId":{"id":"115","parents":[]},"eventTime":1633170965768,"message":"Compiled root-test","status":1,"dataKind":"compile-report","data":{"target":{"uri":"file:/home/fizza/BlackBocx-/#root/Test"},"errors":0,"warnings":0,"time":11}})[0m
[0m[[0m[0minfo[0m] [0m[0m[32mMux2Tests:[0m[0m
[0m[[0m[0minfo[0m] [0m[0m[32m- Multiplexer 2-BIT[0m[0m
[0m[[0m[0mdebug[0m] [0m[0mjsonRpcNotify: JsonRpcNotificationMessage(2.0, build/logMessage, {"type":3,"message":"\u001b[32mMux2Tests:\u001b[0m"})[0m
[0m[[0m[0mdebug[0m] [0m[0mjsonRpcNotify: JsonRpcNotificationMessage(2.0, build/logMessage, {"type":3,"message":"\u001b[32m- Multiplexer 2-BIT\u001b[0m"})[0m
[0m[[0m[0minfo[0m] [0m[0m[36mRun completed in 5 seconds, 95 milliseconds.[0m[0m
[0m[[0m[0minfo[0m] [0m[0m[36mTotal number of tests run: 1[0m[0m
[0m[[0m[0minfo[0m] [0m[0m[36mSuites: completed 1, aborted 0[0m[0m
[0m[[0m[0minfo[0m] [0m[0m[36mTests: succeeded 1, failed 0, canceled 0, ignored 0, pending 0[0m[0m
[0m[[0m[0minfo[0m] [0m[0m[32mAll tests passed.[0m[0m
[0m[[0m[0mdebug[0m] [0m[0mjsonRpcNotify: JsonRpcNotificationMessage(2.0, build/logMessage, {"type":3,"message":"\u001b[36mRun completed in 5 seconds, 95 milliseconds.\u001b[0m\n\u001b[36mTotal number of tests run: 1\u001b[0m\n\u001b[36mSuites: completed 1, aborted 0\u001b[0m\n\u001b[36mTests: succeeded 1, failed 0, canceled 0, ignored 0, pending 0\u001b[0m\n\u001b[32mAll tests passed.\u001b[0m"})[0m
[0m[[0m[32msuccess[0m] [0m[0mTotal time: 5 s, completed Oct 2, 2021 3:36:11 PM[0m
[0m[[0m[0mdebug[0m] [0m[0m> Exec(shell, None, None)[0m
[0m[[0m[0mdebug[0m] [0m[0mForcing garbage collection...[0m
