[0m[[0m[0mdebug[0m] [0m[0m> Exec(early(addDefaultCommands), None, None)[0m
[0m[[0m[0mdebug[0m] [0m[0m> Exec(addDefaultCommands, None, None)[0m
[0m[[0m[0mdebug[0m] [0m[0m> Exec(early(initialize), None, None)[0m
[0m[[0m[0mdebug[0m] [0m[0m> Exec(initialize, None, None)[0m
[0m[[0m[0mdebug[0m] [0m[0m> Exec(boot, None, None)[0m
[0m[[0m[0mdebug[0m] [0m[0m> Exec(writeSbtVersion, None, None)[0m
[0m[[0m[0mdebug[0m] [0m[0m> Exec(reload, None, None)[0m
[0m[[0m[0mdebug[0m] [0m[0m> Exec(sbtStashOnFailure, None, None)[0m
[0m[[0m[0mdebug[0m] [0m[0m> Exec(onFailure loadFailed, None, None)[0m
[0m[[0m[0mdebug[0m] [0m[0m> Exec(loadp, None, None)[0m
[0m[[0m[0minfo[0m] [0m[0mwelcome to sbt 1.4.7 (Private Build Java 1.8.0_282)[0m
[0m[[0m[0mdebug[0m] [0m[0m      Load.loadUnit: plugins took 217.741788ms[0m
[0m[[0m[0mdebug[0m] [0m[0m      Load.loadUnit: defsScala took 0.707653ms[0m
[0m[[0m[0mdebug[0m] [0m[0m[Loading] Scanning directory /home/fizza/.sbt/1.0/plugins[0m
[0m[[0m[0mdebug[0m] [0m[0m[Loading] Found non-root projects [0m
[0m[[0m[0mdebug[0m] [0m[0m[Loading] Done in /home/fizza/.sbt/1.0/plugins, returning: ()[0m
[0m[[0m[0mdebug[0m] [0m[0mdeducing auto plugins based on known facts Set(Atom(sbt.plugins.CorePlugin)) and clauses Clauses(List(Clause(Atom(sbt.plugins.JvmPlugin),Set(Atom(sbt.plugins.IvyPlugin))), Clause(Atom(sbt.ScriptedPlugin),Set(Atom(sbt.plugins.JvmPlugin))), Clause(Atom(sbt.plugins.SbtPlugin),Set(Atom(sbt.ScriptedPlugin))), Clause(Atom(sbt.plugins.SemanticdbPlugin),Set(Atom(sbt.plugins.JvmPlugin))), Clause(Atom(sbt.plugins.JUnitXmlReportPlugin),Set(Atom(sbt.plugins.JvmPlugin))), Clause(Atom(sbt.plugins.MiniDependencyTreePlugin),Set(Atom(sbt.plugins.JvmPlugin))), Clause(Atom(sbt.plugins.CorePlugin),Set(Atom(sbt.plugins.IvyPlugin))), Clause(Atom(sbt.plugins.IvyPlugin),Set(Atom(sbt.plugins.JvmPlugin))), Clause(Atom(sbt.plugins.JvmPlugin),Set(Atom(sbt.plugins.SemanticdbPlugin))), Clause(Atom(sbt.plugins.JvmPlugin),Set(Atom(sbt.plugins.JUnitXmlReportPlugin))), Clause(Atom(sbt.plugins.CorePlugin),Set(Atom(sbt.plugins.Giter8TemplatePlugin))), Clause(Atom(sbt.plugins.JvmPlugin),Set(Atom(sbt.plugins.MiniDependencyTreePlugin)))))[0m
[0m[[0m[0mdebug[0m] [0m[0m  :: deduced result: Matched(sbt.plugins.CorePlugin,sbt.plugins.Giter8TemplatePlugin,sbt.plugins.IvyPlugin,sbt.plugins.JvmPlugin,sbt.plugins.MiniDependencyTreePlugin,sbt.plugins.JUnitXmlReportPlugin,sbt.plugins.SemanticdbPlugin)[0m
[0m[[0m[0mdebug[0m] [0m[0mPlugins.deducer#function took 36.84789 ms[0m
[0m[[0m[0mdebug[0m] [0m[0m          Load.resolveProject(global-plugins) took 52.75779ms[0m
[0m[[0m[0mdebug[0m] [0m[0m        Load.loadTransitive: finalizeProject(Project(id global-plugins, base: /home/fizza/.sbt/1.0/plugins, plugins: List(<none>))) took 138.811255ms[0m
[0m[[0m[0mdebug[0m] [0m[0m[Loading] Done in /home/fizza/.sbt/1.0/plugins, returning: (global-plugins)[0m
[0m[[0m[0mdebug[0m] [0m[0m      Load.loadUnit: loadedProjectsRaw took 466.807229ms[0m
[0m[[0m[0mdebug[0m] [0m[0m      Load.loadUnit: cleanEvalClasses took 0.581081ms[0m
[0m[[0m[0mdebug[0m] [0m[0m    Load.loadUnit(file:/home/fizza/.sbt/1.0/plugins/, ...) took 702.31623ms[0m
[0m[[0m[0mdebug[0m] [0m[0m  Load.apply: load took 1098.922198ms[0m
[0m[[0m[0mdebug[0m] [0m[0m  Load.apply: resolveProjects took 14.158194ms[0m
[0m[[0m[0mdebug[0m] [0m[0m  Load.apply: finalTransforms took 145.023739ms[0m
[0m[[0m[0mdebug[0m] [0m[0m  Load.apply: config.delegates took 13.702687ms[0m
[0m[[0m[0mdebug[0m] [0m[0m  Load.apply: Def.make(settings)... took 905.56199ms[0m
[0m[[0m[0mdebug[0m] [0m[0m  Load.apply: structureIndex took 158.471193ms[0m
[0m[[0m[0mdebug[0m] [0m[0m  Load.apply: mkStreams took 2.474346ms[0m
[0m[[0m[0minfo[0m] [0m[0mloading global plugins from /home/fizza/.sbt/1.0/plugins[0m
[0m[[0m[0mdebug[0m] [0m[0mRunning task... Cancel: Signal, check cycles: false, forcegc: true[0m
[0m[[0m[0mdebug[0m] [0m[0mLoad.defaultLoad until apply took 8176.901734ms[0m
[0m[[0m[0mdebug[0m] [0m[0m          Load.loadUnit: plugins took 19.923562ms[0m
[0m[[0m[0mdebug[0m] [0m[0m          Load.loadUnit: defsScala took 0.003397ms[0m
[0m[[0m[0mdebug[0m] [0m[0m[Loading] Scanning directory /home/fizza/BlackBocx-/project[0m
[0m[[0m[0mdebug[0m] [0m[0m            Load.loadUnit: mkEval took 7.91358ms[0m
[0m[[0m[0mdebug[0m] [0m[0m[Loading] Found non-root projects [0m
[0m[[0m[0mdebug[0m] [0m[0m[Loading] Done in /home/fizza/BlackBocx-/project, returning: ()[0m
[0m[[0m[0mdebug[0m] [0m[0mdeducing auto plugins based on known facts Set(Atom(sbt.plugins.CorePlugin)) and clauses Clauses(List(Clause(Atom(sbt.plugins.JvmPlugin),Set(Atom(sbt.plugins.IvyPlugin))), Clause(Atom(sbt.ScriptedPlugin),Set(Atom(sbt.plugins.JvmPlugin))), Clause(Atom(sbt.plugins.SbtPlugin),Set(Atom(sbt.ScriptedPlugin))), Clause(Atom(sbt.plugins.SemanticdbPlugin),Set(Atom(sbt.plugins.JvmPlugin))), Clause(Atom(sbt.plugins.JUnitXmlReportPlugin),Set(Atom(sbt.plugins.JvmPlugin))), Clause(Atom(sbt.plugins.MiniDependencyTreePlugin),Set(Atom(sbt.plugins.JvmPlugin))), Clause(Atom(sbt.plugins.CorePlugin),Set(Atom(sbt.plugins.IvyPlugin))), Clause(Atom(sbt.plugins.IvyPlugin),Set(Atom(sbt.plugins.JvmPlugin))), Clause(Atom(sbt.plugins.JvmPlugin),Set(Atom(sbt.plugins.SemanticdbPlugin))), Clause(Atom(sbt.plugins.JvmPlugin),Set(Atom(sbt.plugins.JUnitXmlReportPlugin))), Clause(Atom(sbt.plugins.CorePlugin),Set(Atom(sbt.plugins.Giter8TemplatePlugin))), Clause(Atom(sbt.plugins.JvmPlugin),Set(Atom(sbt.plugins.MiniDependencyTreePlugin)))))[0m
[0m[[0m[0mdebug[0m] [0m[0m  :: deduced result: Matched(sbt.plugins.CorePlugin,sbt.plugins.Giter8TemplatePlugin,sbt.plugins.IvyPlugin,sbt.plugins.JvmPlugin,sbt.plugins.MiniDependencyTreePlugin,sbt.plugins.JUnitXmlReportPlugin,sbt.plugins.SemanticdbPlugin)[0m
[0m[[0m[0mdebug[0m] [0m[0mPlugins.deducer#function took 7.158147 ms[0m
[0m[[0m[0minfo[0m] [0m[0mloading settings for project blackbocx--build from plugins.sbt ...[0m
[0m[[0m[0mdebug[0m] [0m[0m              Load.resolveProject(blackbocx--build) took 19.608107ms[0m
[0m[[0m[0mdebug[0m] [0m[0m            Load.loadTransitive: finalizeProject(Project(id blackbocx--build, base: /home/fizza/BlackBocx-/project, plugins: List(<none>))) took 31.992746ms[0m
[0m[[0m[0mdebug[0m] [0m[0m[Loading] Done in /home/fizza/BlackBocx-/project, returning: (blackbocx--build)[0m
[0m[[0m[0mdebug[0m] [0m[0m          Load.loadUnit: loadedProjectsRaw took 171.9303ms[0m
[0m[[0m[0mdebug[0m] [0m[0m          Load.loadUnit: cleanEvalClasses took 15.114629ms[0m
[0m[[0m[0mdebug[0m] [0m[0m        Load.loadUnit(file:/home/fizza/BlackBocx-/project/, ...) took 208.021261ms[0m
[0m[[0m[0mdebug[0m] [0m[0m      Load.apply: load took 211.566768ms[0m
[0m[[0m[0mdebug[0m] [0m[0m      Load.apply: resolveProjects took 0.237522ms[0m
[0m[[0m[0mdebug[0m] [0m[0m      Load.apply: finalTransforms took 23.659123ms[0m
[0m[[0m[0mdebug[0m] [0m[0m      Load.apply: config.delegates took 0.898405ms[0m
[0m[[0m[0mdebug[0m] [0m[0m      Load.apply: Def.make(settings)... took 207.382501ms[0m
[0m[[0m[0mdebug[0m] [0m[0m      Load.apply: structureIndex took 46.334643ms[0m
[0m[[0m[0mdebug[0m] [0m[0m      Load.apply: mkStreams took 0.005563ms[0m
[0m[[0m[0minfo[0m] [0m[0mloading project definition from /home/fizza/BlackBocx-/project[0m
[0m[[0m[0mdebug[0m] [0m[0mRunning task... Cancel: Signal, check cycles: false, forcegc: true[0m
[0m[[0m[0mdebug[0m] [0m[0m    Load.loadUnit: plugins took 1037.59285ms[0m
[0m[[0m[0mdebug[0m] [0m[0m    Load.loadUnit: defsScala took 0.005062ms[0m
[0m[[0m[0mdebug[0m] [0m[0m[Loading] Scanning directory /home/fizza/BlackBocx-[0m
[0m[[0m[0mdebug[0m] [0m[0m      Load.loadUnit: mkEval took 0.276788ms[0m
[0m[[0m[0mdebug[0m] [0m[0m[Loading] Found root project root w/ remaining [0m
[0m[[0m[0mdebug[0m] [0m[0mdeducing auto plugins based on known facts Set(Atom(sbt.plugins.CorePlugin)) and clauses Clauses(List(Clause(Atom(sbt.plugins.JvmPlugin),Set(Atom(sbt.plugins.IvyPlugin))), Clause(Atom(sbt.ScriptedPlugin),Set(Atom(sbt.plugins.JvmPlugin))), Clause(Atom(sbt.plugins.SbtPlugin),Set(Atom(sbt.ScriptedPlugin))), Clause(Atom(sbt.plugins.SemanticdbPlugin),Set(Atom(sbt.plugins.JvmPlugin))), Clause(Atom(sbt.plugins.JUnitXmlReportPlugin),Set(Atom(sbt.plugins.JvmPlugin))), Clause(Atom(sbt.plugins.MiniDependencyTreePlugin),Set(Atom(sbt.plugins.JvmPlugin))), Clause(Atom(sbt.plugins.CorePlugin),Set(Atom(sbt.plugins.IvyPlugin))), Clause(Atom(sbt.plugins.IvyPlugin),Set(Atom(sbt.plugins.JvmPlugin))), Clause(Atom(sbt.plugins.JvmPlugin),Set(Atom(sbt.plugins.SemanticdbPlugin))), Clause(Atom(sbt.plugins.JvmPlugin),Set(Atom(sbt.plugins.JUnitXmlReportPlugin))), Clause(Atom(sbt.plugins.CorePlugin),Set(Atom(sbt.plugins.Giter8TemplatePlugin))), Clause(Atom(sbt.plugins.JvmPlugin),Set(Atom(sbt.plugins.MiniDependencyTreePlugin)))))[0m
[0m[[0m[0mdebug[0m] [0m[0m  :: deduced result: Matched(sbt.plugins.CorePlugin,sbt.plugins.Giter8TemplatePlugin,sbt.plugins.IvyPlugin,sbt.plugins.JvmPlugin,sbt.plugins.MiniDependencyTreePlugin,sbt.plugins.JUnitXmlReportPlugin,sbt.plugins.SemanticdbPlugin)[0m
[0m[[0m[0mdebug[0m] [0m[0mPlugins.deducer#function took 2.078879 ms[0m
[0m[[0m[0minfo[0m] [0m[0mloading settings for project root from build.sbt ...[0m
[0m[[0m[0mdebug[0m] [0m[0m        Load.resolveProject(root) took 2.423863ms[0m
[0m[[0m[0mdebug[0m] [0m[0m      Load.loadTransitive: finalizeProject(Project(id root, base: /home/fizza/BlackBocx-, plugins: List(<none>))) took 6.653375ms[0m
[0m[[0m[0mdebug[0m] [0m[0m[Loading] Done in /home/fizza/BlackBocx-, returning: (root)[0m
[0m[[0m[0mdebug[0m] [0m[0m    Load.loadUnit: loadedProjectsRaw took 114.667586ms[0m
[0m[[0m[0mdebug[0m] [0m[0m    Load.loadUnit: cleanEvalClasses took 1.125935ms[0m
[0m[[0m[0mdebug[0m] [0m[0m  Load.loadUnit(file:/home/fizza/BlackBocx-/, ...) took 1154.390745ms[0m
[0m[[0m[0mdebug[0m] [0m[0mLoad.apply: load took 1156.355348ms[0m
[0m[[0m[0mdebug[0m] [0m[0mLoad.apply: resolveProjects took 0.175119ms[0m
[0m[[0m[0mdebug[0m] [0m[0mLoad.apply: finalTransforms took 19.238203ms[0m
[0m[[0m[0mdebug[0m] [0m[0mLoad.apply: config.delegates took 0.623486ms[0m
[0m[[0m[0mdebug[0m] [0m[0mLoad.apply: Def.make(settings)... took 106.610935ms[0m
[0m[[0m[0mdebug[0m] [0m[0mLoad.apply: structureIndex took 35.180808ms[0m
[0m[[0m[0mdebug[0m] [0m[0mLoad.apply: mkStreams took 0.004503ms[0m
[0m[[0m[0minfo[0m] [0m[0mset current project to chisel-quickstart (in build file:/home/fizza/BlackBocx-/)[0m
[0m[[0m[0mdebug[0m] [0m[0m> Exec(sbtPopOnFailure, None, None)[0m
[0m[[0m[0mdebug[0m] [0m[0m> Exec(resumeFromFailure, None, None)[0m
[0m[[0m[0mdebug[0m] [0m[0m> Exec(notifyUsersAboutShell, None, None)[0m
[0m[[0m[0mdebug[0m] [0m[0m> Exec(iflast shell, None, None)[0m
[0m[[0m[0mdebug[0m] [0m[0m> Exec(shell, None, None)[0m
[0m[[0m[0minfo[0m] [0m[0msbt server started at local:///home/fizza/.sbt/1.0/server/d1d646a9fa3f866759b7/sock[0m
[0m[[0m[0minfo[0m] [0m[0mstarted sbt server[0m
[0m[[0m[0minfo[0m] [0m[0mshutting down sbt server[0m
