[0m[[0m[0mdebug[0m] [0m[0m> Exec(;Test/compile; collectAnalyses, None, Some(CommandSource(network-1)))[0m
[0m[[0m[0mdebug[0m] [0m[0mjsonRpcNotify: JsonRpcNotificationMessage(2.0, build/logMessage, {"type":4,"message":"Processing"})[0m
[0m[[0m[0mdebug[0m] [0m[0mjsonRpcNotify: JsonRpcNotificationMessage(2.0, build/logMessage, {"type":4,"message":"Done"})[0m
[0m[[0m[0mdebug[0m] [0m[0m> Exec(Test/compile, None, Some(CommandSource(network-1)))[0m
[0m[[0m[0mdebug[0m] [0m[0mjsonRpcNotify: JsonRpcNotificationMessage(2.0, build/logMessage, {"type":4,"message":"Processing"})[0m
[0m[[0m[0mdebug[0m] [0m[0mEvaluating tasks: Test / compile[0m
[0m[[0m[0mdebug[0m] [0m[0mRunning task... Cancel: Signal, check cycles: false, forcegc: true[0m
[0m[[0m[0mdebug[0m] [0m[0mjsonRpcNotify: JsonRpcNotificationMessage(2.0, build/taskStart, {"taskId":{"id":"189","parents":[]},"eventTime":1634906226712,"message":"Compiling root","dataKind":"compile-task","data":{"target":{"uri":"file:/home/fizza/BlackBocx-/#root/Compile"}}})[0m
[0m[[0m[0mdebug[0m] [0m[0mjsonRpcNotify: JsonRpcNotificationMessage(2.0, build/publishDiagnostics, {"textDocument":{"uri":"file:///home/fizza/BlackBocx-/src/main/scala/practice/SRam.scala"},"buildTarget":{"uri":"file:/home/fizza/BlackBocx-/#root/Compile"},"diagnostics":[{"range":{"start":{"line":30,"character":6},"end":{"line":30,"character":7}},"severity":2,"source":"sbt","message":"Generated class practice.SRam differs only in case from practice.sram.\n  Such classes will overwrite one another on case-insensitive filesystems."}],"reset":true})[0m
[0m[[0m[0mdebug[0m] [0m[0mjsonRpcNotify: JsonRpcNotificationMessage(2.0, build/publishDiagnostics, {"textDocument":{"uri":"file:///home/fizza/BlackBocx-/src/main/scala/practice/And.scala"},"buildTarget":{"uri":"file:/home/fizza/BlackBocx-/#root/Compile"},"diagnostics":[],"reset":true})[0m
[0m[[0m[0mdebug[0m] [0m[0mjsonRpcNotify: JsonRpcNotificationMessage(2.0, build/publishDiagnostics, {"textDocument":{"uri":"file:///home/fizza/BlackBocx-/src/main/scala/practice/MDU.scala"},"buildTarget":{"uri":"file:/home/fizza/BlackBocx-/#root/Compile"},"diagnostics":[{"range":{"start":{"line":35,"character":6},"end":{"line":35,"character":7}},"severity":2,"source":"sbt","message":"Generated class practice.MDU differs only in case from practice.mdu.\n  Such classes will overwrite one another on case-insensitive filesystems."}],"reset":true})[0m
[0m[[0m[0mdebug[0m] [0m[0mjsonRpcNotify: JsonRpcNotificationMessage(2.0, build/publishDiagnostics, {"textDocument":{"uri":"file:///home/fizza/BlackBocx-/src/main/scala/gcd/GCD.scala"},"buildTarget":{"uri":"file:/home/fizza/BlackBocx-/#root/Compile"},"diagnostics":[],"reset":true})[0m
[0m[[0m[0mdebug[0m] [0m[0mjsonRpcNotify: JsonRpcNotificationMessage(2.0, build/publishDiagnostics, {"textDocument":{"uri":"file:///home/fizza/BlackBocx-/src/main/scala/practice/Alu.scala"},"buildTarget":{"uri":"file:/home/fizza/BlackBocx-/#root/Compile"},"diagnostics":[{"range":{"start":{"line":26,"character":6},"end":{"line":26,"character":7}},"severity":2,"source":"sbt","message":"Generated class practice.Alu differs only in case from practice.alu.\n  Such classes will overwrite one another on case-insensitive filesystems."}],"reset":true})[0m
[0m[[0m[0mdebug[0m] [0m[0mjsonRpcNotify: JsonRpcNotificationMessage(2.0, build/publishDiagnostics, {"textDocument":{"uri":"file:///home/fizza/BlackBocx-/src/main/scala/practice/Counter.scala"},"buildTarget":{"uri":"file:/home/fizza/BlackBocx-/#root/Compile"},"diagnostics":[{"range":{"start":{"line":22,"character":6},"end":{"line":22,"character":7}},"severity":2,"source":"sbt","message":"Generated class practice.Counter differs only in case from practice.counter.\n  Such classes will overwrite one another on case-insensitive filesystems."}],"reset":true})[0m
[0m[[0m[0mdebug[0m] [0m[0mjsonRpcNotify: JsonRpcNotificationMessage(2.0, build/publishDiagnostics, {"textDocument":{"uri":"file:///home/fizza/BlackBocx-/src/main/scala/practice/Or.scala"},"buildTarget":{"uri":"file:/home/fizza/BlackBocx-/#root/Compile"},"diagnostics":[],"reset":true})[0m
[0m[[0m[0mdebug[0m] [0m[0mjsonRpcNotify: JsonRpcNotificationMessage(2.0, build/publishDiagnostics, {"textDocument":{"uri":"file:///home/fizza/BlackBocx-/src/main/scala/gcd/DecoupledGCD.scala"},"buildTarget":{"uri":"file:/home/fizza/BlackBocx-/#root/Compile"},"diagnostics":[],"reset":true})[0m
[0m[[0m[0mdebug[0m] [0m[0mjsonRpcNotify: JsonRpcNotificationMessage(2.0, build/publishDiagnostics, {"textDocument":{"uri":"file:///home/fizza/BlackBocx-/src/main/scala/practice/Adder.scala"},"buildTarget":{"uri":"file:/home/fizza/BlackBocx-/#root/Compile"},"diagnostics":[{"range":{"start":{"line":19,"character":6},"end":{"line":19,"character":7}},"severity":2,"source":"sbt","message":"Generated class practice.Adder differs only in case from practice.adder.\n  Such classes will overwrite one another on case-insensitive filesystems."}],"reset":true})[0m
[0m[[0m[0mdebug[0m] [0m[0mjsonRpcNotify: JsonRpcNotificationMessage(2.0, build/publishDiagnostics, {"textDocument":{"uri":"file:///home/fizza/BlackBocx-/src/main/scala/practice/Mux2.scala"},"buildTarget":{"uri":"file:/home/fizza/BlackBocx-/#root/Compile"},"diagnostics":[{"range":{"start":{"line":25,"character":6},"end":{"line":25,"character":7}},"severity":2,"source":"sbt","message":"Generated class practice.Mux2 differs only in case from practice.mux2.\n  Such classes will overwrite one another on case-insensitive filesystems."}],"reset":true})[0m
[0m[[0m[0mdebug[0m] [0m[0mjsonRpcNotify: JsonRpcNotificationMessage(2.0, build/taskFinish, {"taskId":{"id":"189","parents":[]},"eventTime":1634906226719,"message":"Compiled root","status":1,"dataKind":"compile-report","data":{"target":{"uri":"file:/home/fizza/BlackBocx-/#root/Compile"},"errors":0,"warnings":6,"time":7}})[0m
[0m[[0m[0mdebug[0m] [0m[0mjsonRpcNotify: JsonRpcNotificationMessage(2.0, build/taskStart, {"taskId":{"id":"190","parents":[]},"eventTime":1634906226725,"message":"Compiling root-test","dataKind":"compile-task","data":{"target":{"uri":"file:/home/fizza/BlackBocx-/#root/Test"}}})[0m
[0m[[0m[0minfo[0m] [0m[0mcompiling 1 Scala source to /home/fizza/BlackBocx-/target/scala-2.12/test-classes ...[0m
[0m[[0m[0mdebug[0m] [0m[0mjsonRpcNotify: JsonRpcNotificationMessage(2.0, build/logMessage, {"type":3,"message":"compiling 1 Scala source to /home/fizza/BlackBocx-/target/scala-2.12/test-classes ..."})[0m
[0m[[0m[0mdebug[0m] [0m[0mjsonRpcNotify: JsonRpcNotificationMessage(2.0, build/publishDiagnostics, {"textDocument":{"uri":"file:///home/fizza/BlackBocx-/src/test/scala/practice/MDUTests.scala"},"buildTarget":{"uri":"file:/home/fizza/BlackBocx-/#root/Test"},"diagnostics":[{"range":{"start":{"line":17,"character":13},"end":{"line":17,"character":14}},"severity":1,"source":"sbt","message":"value i_mdu_rs1 is not a member of chisel3.Bundle{val output: chisel3.UInt}"}],"reset":false})[0m
[0m[[0m[31merror[0m] [0m[0m/home/fizza/BlackBocx-/src/test/scala/practice/MDUTests.scala:18:14: value i_mdu_rs1 is not a member of chisel3.Bundle{val output: chisel3.UInt}[0m
[0m[[0m[31merror[0m] [0m[0m        c.io.i_mdu_rs1.poke(10.U)[0m
[0m[[0m[31merror[0m] [0m[0m             ^[0m
[0m[[0m[0mdebug[0m] [0m[0mjsonRpcNotify: JsonRpcNotificationMessage(2.0, build/logMessage, {"type":1,"message":"/home/fizza/BlackBocx-/src/test/scala/practice/MDUTests.scala:18:14: value i_mdu_rs1 is not a member of chisel3.Bundle{val output: chisel3.UInt}"})[0m
[0m[[0m[0mdebug[0m] [0m[0mjsonRpcNotify: JsonRpcNotificationMessage(2.0, build/logMessage, {"type":1,"message":"        c.io.i_mdu_rs1.poke(10.U)"})[0m
[0m[[0m[0mdebug[0m] [0m[0mjsonRpcNotify: JsonRpcNotificationMessage(2.0, build/logMessage, {"type":1,"message":"             ^"})[0m
[0m[[0m[0mdebug[0m] [0m[0mjsonRpcNotify: JsonRpcNotificationMessage(2.0, build/publishDiagnostics, {"textDocument":{"uri":"file:///home/fizza/BlackBocx-/src/test/scala/practice/MDUTests.scala"},"buildTarget":{"uri":"file:/home/fizza/BlackBocx-/#root/Test"},"diagnostics":[{"range":{"start":{"line":18,"character":13},"end":{"line":18,"character":14}},"severity":1,"source":"sbt","message":"value i_mdu_rs2 is not a member of chisel3.Bundle{val output: chisel3.UInt}"}],"reset":false})[0m
[0m[[0m[31merror[0m] [0m[0m/home/fizza/BlackBocx-/src/test/scala/practice/MDUTests.scala:19:14: value i_mdu_rs2 is not a member of chisel3.Bundle{val output: chisel3.UInt}[0m
[0m[[0m[31merror[0m] [0m[0m        c.io.i_mdu_rs2.poke(5.U)[0m
[0m[[0m[31merror[0m] [0m[0m             ^[0m
[0m[[0m[0mdebug[0m] [0m[0mjsonRpcNotify: JsonRpcNotificationMessage(2.0, build/logMessage, {"type":1,"message":"/home/fizza/BlackBocx-/src/test/scala/practice/MDUTests.scala:19:14: value i_mdu_rs2 is not a member of chisel3.Bundle{val output: chisel3.UInt}"})[0m
[0m[[0m[0mdebug[0m] [0m[0mjsonRpcNotify: JsonRpcNotificationMessage(2.0, build/logMessage, {"type":1,"message":"        c.io.i_mdu_rs2.poke(5.U)"})[0m
[0m[[0m[0mdebug[0m] [0m[0mjsonRpcNotify: JsonRpcNotificationMessage(2.0, build/logMessage, {"type":1,"message":"             ^"})[0m
[0m[[0m[0mdebug[0m] [0m[0mjsonRpcNotify: JsonRpcNotificationMessage(2.0, build/publishDiagnostics, {"textDocument":{"uri":"file:///home/fizza/BlackBocx-/src/test/scala/practice/MDUTests.scala"},"buildTarget":{"uri":"file:/home/fizza/BlackBocx-/#root/Test"},"diagnostics":[{"range":{"start":{"line":19,"character":13},"end":{"line":19,"character":14}},"severity":1,"source":"sbt","message":"value i_mdu_op is not a member of chisel3.Bundle{val output: chisel3.UInt}"}],"reset":false})[0m
[0m[[0m[31merror[0m] [0m[0m/home/fizza/BlackBocx-/src/test/scala/practice/MDUTests.scala:20:14: value i_mdu_op is not a member of chisel3.Bundle{val output: chisel3.UInt}[0m
[0m[[0m[31merror[0m] [0m[0m        c.io.i_mdu_op.poke(2.U)[0m
[0m[[0m[31merror[0m] [0m[0m             ^[0m
[0m[[0m[0mdebug[0m] [0m[0mjsonRpcNotify: JsonRpcNotificationMessage(2.0, build/logMessage, {"type":1,"message":"/home/fizza/BlackBocx-/src/test/scala/practice/MDUTests.scala:20:14: value i_mdu_op is not a member of chisel3.Bundle{val output: chisel3.UInt}"})[0m
[0m[[0m[0mdebug[0m] [0m[0mjsonRpcNotify: JsonRpcNotificationMessage(2.0, build/logMessage, {"type":1,"message":"        c.io.i_mdu_op.poke(2.U)"})[0m
[0m[[0m[0mdebug[0m] [0m[0mjsonRpcNotify: JsonRpcNotificationMessage(2.0, build/logMessage, {"type":1,"message":"             ^"})[0m
[0m[[0m[0mdebug[0m] [0m[0mjsonRpcNotify: JsonRpcNotificationMessage(2.0, build/publishDiagnostics, {"textDocument":{"uri":"file:///home/fizza/BlackBocx-/src/test/scala/practice/MDUTests.scala"},"buildTarget":{"uri":"file:/home/fizza/BlackBocx-/#root/Test"},"diagnostics":[{"range":{"start":{"line":20,"character":13},"end":{"line":20,"character":14}},"severity":1,"source":"sbt","message":"value i_mdu_rd is not a member of chisel3.Bundle{val output: chisel3.UInt}"}],"reset":false})[0m
[0m[[0m[31merror[0m] [0m[0m/home/fizza/BlackBocx-/src/test/scala/practice/MDUTests.scala:21:14: value i_mdu_rd is not a member of chisel3.Bundle{val output: chisel3.UInt}[0m
[0m[[0m[31merror[0m] [0m[0m        c.io.i_mdu_rd.poke(50.U)[0m
[0m[[0m[31merror[0m] [0m[0m             ^[0m
[0m[[0m[0mdebug[0m] [0m[0mjsonRpcNotify: JsonRpcNotificationMessage(2.0, build/logMessage, {"type":1,"message":"/home/fizza/BlackBocx-/src/test/scala/practice/MDUTests.scala:21:14: value i_mdu_rd is not a member of chisel3.Bundle{val output: chisel3.UInt}"})[0m
[0m[[0m[0mdebug[0m] [0m[0mjsonRpcNotify: JsonRpcNotificationMessage(2.0, build/logMessage, {"type":1,"message":"        c.io.i_mdu_rd.poke(50.U)"})[0m
[0m[[0m[0mdebug[0m] [0m[0mjsonRpcNotify: JsonRpcNotificationMessage(2.0, build/logMessage, {"type":1,"message":"             ^"})[0m
[0m[[0m[31merror[0m] [0m[0mfour errors found[0m
[0m[[0m[0mdebug[0m] [0m[0mjsonRpcNotify: JsonRpcNotificationMessage(2.0, build/logMessage, {"type":1,"message":"four errors found"})[0m
[0m[[0m[0mdebug[0m] [0m[0mjsonRpcNotify: JsonRpcNotificationMessage(2.0, build/publishDiagnostics, {"textDocument":{"uri":"file:///home/fizza/BlackBocx-/src/test/scala/gcd/GCDSpec.scala"},"buildTarget":{"uri":"file:/home/fizza/BlackBocx-/#root/Test"},"diagnostics":[],"reset":true})[0m
[0m[[0m[0mdebug[0m] [0m[0mjsonRpcNotify: JsonRpcNotificationMessage(2.0, build/publishDiagnostics, {"textDocument":{"uri":"file:///home/fizza/BlackBocx-/src/test/scala/practice/CounterTests.scala"},"buildTarget":{"uri":"file:/home/fizza/BlackBocx-/#root/Test"},"diagnostics":[],"reset":true})[0m
[0m[[0m[0mdebug[0m] [0m[0mjsonRpcNotify: JsonRpcNotificationMessage(2.0, build/publishDiagnostics, {"textDocument":{"uri":"file:///home/fizza/BlackBocx-/src/test/scala/practice/SRamTests.scala"},"buildTarget":{"uri":"file:/home/fizza/BlackBocx-/#root/Test"},"diagnostics":[],"reset":true})[0m
[0m[[0m[0mdebug[0m] [0m[0mjsonRpcNotify: JsonRpcNotificationMessage(2.0, build/publishDiagnostics, {"textDocument":{"uri":"file:///home/fizza/BlackBocx-/src/test/scala/practice/Mux2Tests.scala"},"buildTarget":{"uri":"file:/home/fizza/BlackBocx-/#root/Test"},"diagnostics":[],"reset":true})[0m
[0m[[0m[0mdebug[0m] [0m[0mjsonRpcNotify: JsonRpcNotificationMessage(2.0, build/publishDiagnostics, {"textDocument":{"uri":"file:///home/fizza/BlackBocx-/src/test/scala/practice/OrTests.scala"},"buildTarget":{"uri":"file:/home/fizza/BlackBocx-/#root/Test"},"diagnostics":[],"reset":true})[0m
[0m[[0m[0mdebug[0m] [0m[0mjsonRpcNotify: JsonRpcNotificationMessage(2.0, build/publishDiagnostics, {"textDocument":{"uri":"file:///home/fizza/BlackBocx-/src/test/scala/practice/AdderTests.scala"},"buildTarget":{"uri":"file:/home/fizza/BlackBocx-/#root/Test"},"diagnostics":[],"reset":true})[0m
[0m[[0m[0mdebug[0m] [0m[0mjsonRpcNotify: JsonRpcNotificationMessage(2.0, build/publishDiagnostics, {"textDocument":{"uri":"file:///home/fizza/BlackBocx-/src/test/scala/practice/AndTests.scala"},"buildTarget":{"uri":"file:/home/fizza/BlackBocx-/#root/Test"},"diagnostics":[],"reset":true})[0m
[0m[[0m[0mdebug[0m] [0m[0mjsonRpcNotify: JsonRpcNotificationMessage(2.0, build/publishDiagnostics, {"textDocument":{"uri":"file:///home/fizza/BlackBocx-/src/test/scala/practice/MDUTests.scala"},"buildTarget":{"uri":"file:/home/fizza/BlackBocx-/#root/Test"},"diagnostics":[{"range":{"start":{"line":17,"character":13},"end":{"line":17,"character":14}},"severity":1,"source":"sbt","message":"value i_mdu_rs1 is not a member of chisel3.Bundle{val output: chisel3.UInt}"},{"range":{"start":{"line":18,"character":13},"end":{"line":18,"character":14}},"severity":1,"source":"sbt","message":"value i_mdu_rs2 is not a member of chisel3.Bundle{val output: chisel3.UInt}"},{"range":{"start":{"line":19,"character":13},"end":{"line":19,"character":14}},"severity":1,"source":"sbt","message":"value i_mdu_op is not a member of chisel3.Bundle{val output: chisel3.UInt}"},{"range":{"start":{"line":20,"character":13},"end":{"line":20,"character":14}},"severity":1,"source":"sbt","message":"value i_mdu_rd is not a member of chisel3.Bundle{val output: chisel3.UInt}"}],"reset":true})[0m
[0m[[0m[0mdebug[0m] [0m[0mjsonRpcNotify: JsonRpcNotificationMessage(2.0, build/publishDiagnostics, {"textDocument":{"uri":"file:///home/fizza/BlackBocx-/src/test/scala/practice/AluTests.scala"},"buildTarget":{"uri":"file:/home/fizza/BlackBocx-/#root/Test"},"diagnostics":[],"reset":true})[0m
[0m[[0m[0mdebug[0m] [0m[0mjsonRpcNotify: JsonRpcNotificationMessage(2.0, build/taskFinish, {"taskId":{"id":"190","parents":[]},"eventTime":1634906226905,"message":"Compiled root-test","status":2,"dataKind":"compile-report","data":{"target":{"uri":"file:/home/fizza/BlackBocx-/#root/Test"},"errors":4,"warnings":0,"time":180}})[0m
[0m[[0m[31merror[0m] [0m[0m(Test / [31mcompileIncremental[0m) Compilation failed[0m
[0m[[0m[0mdebug[0m] [0m[0mjsonRpcNotify: JsonRpcNotificationMessage(2.0, build/logMessage, {"type":1,"message":"(Test / \u001b[31mcompileIncremental\u001b[0m) Compilation failed"})[0m
[0m[[0m[31merror[0m] [0m[0mTotal time: 0 s, completed Oct 22, 2021 5:37:06 PM[0m
[0m[[0m[0mdebug[0m] [0m[0mjsonRpcNotify: JsonRpcNotificationMessage(2.0, build/logMessage, {"type":4,"message":"Done"})[0m
[0m[[0m[0mdebug[0m] [0m[0m> Exec(shell, None, None)[0m
[0m[[0m[0mdebug[0m] [0m[0mUnhandled request received: shutdown: JsonRpcRequestMessage(2.0, ♨3, shutdown, null})[0m
