[0m[[0m[0mdebug[0m] [0m[0m> Exec(;Test/compile; collectAnalyses, None, Some(CommandSource(network-1)))[0m
[0m[[0m[0mdebug[0m] [0m[0mjsonRpcNotify: JsonRpcNotificationMessage(2.0, build/logMessage, {"type":4,"message":"Processing"})[0m
[0m[[0m[0mdebug[0m] [0m[0mjsonRpcNotify: JsonRpcNotificationMessage(2.0, build/logMessage, {"type":4,"message":"Done"})[0m
[0m[[0m[0mdebug[0m] [0m[0m> Exec(Test/compile, None, Some(CommandSource(network-1)))[0m
[0m[[0m[0mdebug[0m] [0m[0mjsonRpcNotify: JsonRpcNotificationMessage(2.0, build/logMessage, {"type":4,"message":"Processing"})[0m
[0m[[0m[0mdebug[0m] [0m[0mEvaluating tasks: Test / compile[0m
[0m[[0m[0mdebug[0m] [0m[0mRunning task... Cancel: Signal, check cycles: false, forcegc: true[0m
[0m[[0m[0mdebug[0m] [0m[0mjsonRpcNotify: JsonRpcNotificationMessage(2.0, build/taskStart, {"taskId":{"id":"29","parents":[]},"eventTime":1633347929078,"message":"Compiling root","dataKind":"compile-task","data":{"target":{"uri":"file:/home/fizza/BlackBocx-/#root/Compile"}}})[0m
[0m[[0m[0mdebug[0m] [0m[0mjsonRpcNotify: JsonRpcNotificationMessage(2.0, build/publishDiagnostics, {"textDocument":{"uri":"file:///home/fizza/BlackBocx-/src/main/scala/practice/SRam.scala"},"buildTarget":{"uri":"file:/home/fizza/BlackBocx-/#root/Compile"},"diagnostics":[{"range":{"start":{"line":30,"character":6},"end":{"line":30,"character":7}},"severity":2,"source":"sbt","message":"Generated class practice.SRam differs only in case from practice.sram.\n  Such classes will overwrite one another on case-insensitive filesystems."}],"reset":true})[0m
[0m[[0m[0mdebug[0m] [0m[0mjsonRpcNotify: JsonRpcNotificationMessage(2.0, build/publishDiagnostics, {"textDocument":{"uri":"file:///home/fizza/BlackBocx-/src/main/scala/practice/And.scala"},"buildTarget":{"uri":"file:/home/fizza/BlackBocx-/#root/Compile"},"diagnostics":[],"reset":true})[0m
[0m[[0m[0mdebug[0m] [0m[0mjsonRpcNotify: JsonRpcNotificationMessage(2.0, build/publishDiagnostics, {"textDocument":{"uri":"file:///home/fizza/BlackBocx-/src/main/scala/gcd/GCD.scala"},"buildTarget":{"uri":"file:/home/fizza/BlackBocx-/#root/Compile"},"diagnostics":[],"reset":true})[0m
[0m[[0m[0mdebug[0m] [0m[0mjsonRpcNotify: JsonRpcNotificationMessage(2.0, build/publishDiagnostics, {"textDocument":{"uri":"file:///home/fizza/BlackBocx-/src/main/scala/practice/Alu.scala"},"buildTarget":{"uri":"file:/home/fizza/BlackBocx-/#root/Compile"},"diagnostics":[{"range":{"start":{"line":26,"character":6},"end":{"line":26,"character":7}},"severity":2,"source":"sbt","message":"Generated class practice.Alu differs only in case from practice.alu.\n  Such classes will overwrite one another on case-insensitive filesystems."}],"reset":true})[0m
[0m[[0m[0mdebug[0m] [0m[0mjsonRpcNotify: JsonRpcNotificationMessage(2.0, build/publishDiagnostics, {"textDocument":{"uri":"file:///home/fizza/BlackBocx-/src/main/scala/practice/Counter.scala"},"buildTarget":{"uri":"file:/home/fizza/BlackBocx-/#root/Compile"},"diagnostics":[{"range":{"start":{"line":22,"character":6},"end":{"line":22,"character":7}},"severity":2,"source":"sbt","message":"Generated class practice.Counter differs only in case from practice.counter.\n  Such classes will overwrite one another on case-insensitive filesystems."}],"reset":true})[0m
[0m[[0m[0mdebug[0m] [0m[0mjsonRpcNotify: JsonRpcNotificationMessage(2.0, build/publishDiagnostics, {"textDocument":{"uri":"file:///home/fizza/BlackBocx-/src/main/scala/practice/Or.scala"},"buildTarget":{"uri":"file:/home/fizza/BlackBocx-/#root/Compile"},"diagnostics":[],"reset":true})[0m
[0m[[0m[0mdebug[0m] [0m[0mjsonRpcNotify: JsonRpcNotificationMessage(2.0, build/publishDiagnostics, {"textDocument":{"uri":"file:///home/fizza/BlackBocx-/src/main/scala/gcd/DecoupledGCD.scala"},"buildTarget":{"uri":"file:/home/fizza/BlackBocx-/#root/Compile"},"diagnostics":[],"reset":true})[0m
[0m[[0m[0mdebug[0m] [0m[0mjsonRpcNotify: JsonRpcNotificationMessage(2.0, build/publishDiagnostics, {"textDocument":{"uri":"file:///home/fizza/BlackBocx-/src/main/scala/practice/Adder.scala"},"buildTarget":{"uri":"file:/home/fizza/BlackBocx-/#root/Compile"},"diagnostics":[{"range":{"start":{"line":19,"character":6},"end":{"line":19,"character":7}},"severity":2,"source":"sbt","message":"Generated class practice.Adder differs only in case from practice.adder.\n  Such classes will overwrite one another on case-insensitive filesystems."}],"reset":true})[0m
[0m[[0m[0mdebug[0m] [0m[0mjsonRpcNotify: JsonRpcNotificationMessage(2.0, build/publishDiagnostics, {"textDocument":{"uri":"file:///home/fizza/BlackBocx-/src/main/scala/practice/Mux2.scala"},"buildTarget":{"uri":"file:/home/fizza/BlackBocx-/#root/Compile"},"diagnostics":[{"range":{"start":{"line":25,"character":6},"end":{"line":25,"character":7}},"severity":2,"source":"sbt","message":"Generated class practice.Mux2 differs only in case from practice.mux2.\n  Such classes will overwrite one another on case-insensitive filesystems."}],"reset":true})[0m
[0m[[0m[0mdebug[0m] [0m[0mjsonRpcNotify: JsonRpcNotificationMessage(2.0, build/taskFinish, {"taskId":{"id":"29","parents":[]},"eventTime":1633347929098,"message":"Compiled root","status":1,"dataKind":"compile-report","data":{"target":{"uri":"file:/home/fizza/BlackBocx-/#root/Compile"},"errors":0,"warnings":5,"time":20}})[0m
[0m[[0m[0mdebug[0m] [0m[0mjsonRpcNotify: JsonRpcNotificationMessage(2.0, build/taskStart, {"taskId":{"id":"30","parents":[]},"eventTime":1633347929103,"message":"Compiling root-test","dataKind":"compile-task","data":{"target":{"uri":"file:/home/fizza/BlackBocx-/#root/Test"}}})[0m
[0m[[0m[0mdebug[0m] [0m[0mjsonRpcNotify: JsonRpcNotificationMessage(2.0, build/publishDiagnostics, {"textDocument":{"uri":"file:///home/fizza/BlackBocx-/src/test/scala/practice/SRamTests.scala"},"buildTarget":{"uri":"file:/home/fizza/BlackBocx-/#root/Test"},"diagnostics":[],"reset":true})[0m
[0m[[0m[0mdebug[0m] [0m[0mjsonRpcNotify: JsonRpcNotificationMessage(2.0, build/publishDiagnostics, {"textDocument":{"uri":"file:///home/fizza/BlackBocx-/src/test/scala/practice/AdderTests.scala"},"buildTarget":{"uri":"file:/home/fizza/BlackBocx-/#root/Test"},"diagnostics":[],"reset":true})[0m
[0m[[0m[0mdebug[0m] [0m[0mjsonRpcNotify: JsonRpcNotificationMessage(2.0, build/publishDiagnostics, {"textDocument":{"uri":"file:///home/fizza/BlackBocx-/src/test/scala/practice/OrTests.scala"},"buildTarget":{"uri":"file:/home/fizza/BlackBocx-/#root/Test"},"diagnostics":[],"reset":true})[0m
[0m[[0m[0mdebug[0m] [0m[0mjsonRpcNotify: JsonRpcNotificationMessage(2.0, build/publishDiagnostics, {"textDocument":{"uri":"file:///home/fizza/BlackBocx-/src/test/scala/practice/AluTests.scala"},"buildTarget":{"uri":"file:/home/fizza/BlackBocx-/#root/Test"},"diagnostics":[],"reset":true})[0m
[0m[[0m[0mdebug[0m] [0m[0mjsonRpcNotify: JsonRpcNotificationMessage(2.0, build/publishDiagnostics, {"textDocument":{"uri":"file:///home/fizza/BlackBocx-/src/test/scala/practice/CounterTests.scala"},"buildTarget":{"uri":"file:/home/fizza/BlackBocx-/#root/Test"},"diagnostics":[],"reset":true})[0m
[0m[[0m[0mdebug[0m] [0m[0mjsonRpcNotify: JsonRpcNotificationMessage(2.0, build/publishDiagnostics, {"textDocument":{"uri":"file:///home/fizza/BlackBocx-/src/test/scala/practice/AndTests.scala"},"buildTarget":{"uri":"file:/home/fizza/BlackBocx-/#root/Test"},"diagnostics":[],"reset":true})[0m
[0m[[0m[0mdebug[0m] [0m[0mjsonRpcNotify: JsonRpcNotificationMessage(2.0, build/publishDiagnostics, {"textDocument":{"uri":"file:///home/fizza/BlackBocx-/src/test/scala/practice/Mux2Tests.scala"},"buildTarget":{"uri":"file:/home/fizza/BlackBocx-/#root/Test"},"diagnostics":[],"reset":true})[0m
[0m[[0m[0mdebug[0m] [0m[0mjsonRpcNotify: JsonRpcNotificationMessage(2.0, build/publishDiagnostics, {"textDocument":{"uri":"file:///home/fizza/BlackBocx-/src/test/scala/gcd/GCDSpec.scala"},"buildTarget":{"uri":"file:/home/fizza/BlackBocx-/#root/Test"},"diagnostics":[],"reset":true})[0m
[0m[[0m[0mdebug[0m] [0m[0mjsonRpcNotify: JsonRpcNotificationMessage(2.0, build/taskFinish, {"taskId":{"id":"30","parents":[]},"eventTime":1633347929121,"message":"Compiled root-test","status":1,"dataKind":"compile-report","data":{"target":{"uri":"file:/home/fizza/BlackBocx-/#root/Test"},"errors":0,"warnings":0,"time":18}})[0m
[0m[[0m[32msuccess[0m] [0m[0mTotal time: 0 s, completed Oct 4, 2021 4:45:29 PM[0m
[0m[[0m[0mdebug[0m] [0m[0mjsonRpcNotify: JsonRpcNotificationMessage(2.0, build/logMessage, {"type":4,"message":"Done"})[0m
[0m[[0m[0mdebug[0m] [0m[0m> Exec(collectAnalyses, None, Some(CommandSource(network-1)))[0m
[0m[[0m[0mdebug[0m] [0m[0mjsonRpcNotify: JsonRpcNotificationMessage(2.0, build/logMessage, {"type":4,"message":"Processing"})[0m
[0m[[0m[0mdebug[0m] [0m[0mEvaluating tasks: Compile / collectAnalyses[0m
[0m[[0m[0mdebug[0m] [0m[0mRunning task... Cancel: Signal, check cycles: false, forcegc: true[0m
[0m[[0m[0mdebug[0m] [0m[0manalysis location (/home/fizza/BlackBocx-/target/scala-2.12/zinc/inc_compile_2.12.zip,true)[0m
[0m[[0m[32msuccess[0m] [0m[0mTotal time: 0 s, completed Oct 4, 2021 4:45:29 PM[0m
[0m[[0m[0mdebug[0m] [0m[0mjsonRpcNotify: JsonRpcNotificationMessage(2.0, build/logMessage, {"type":4,"message":"Done"})[0m
[0m[[0m[0mdebug[0m] [0m[0m> Exec(shell, None, None)[0m
